Turbo Assembler	 Version 3.1	    08/11/21 20:34:28	    Page 1
video.asm



      1	0000			     .model small
      2
      3	0000			     .stack 200h
      4
      5	0000			     .data
      6
      7	      =FFFF			 bios equ 0FFFFh
      8	      =B800			 video equ 0B800h
      9	      =0023			 color equ 023h
     10
     11	0000			     .code
     12
     13	0000			     _main:
     14	0000  B4 00		     mov ah, 0
     15	0002  B0 03		     mov al, 3
     16	0004  CD 10		     int 10h
     17	0006  B8 FFFF		     mov ax, bios
     18	0009  8E C0		     mov es, ax
     19
     20	000B  B8 B800		     mov ax, video
     21	000E  8E D8		     mov ds, ax
     22
     23	0010  BE 0005			 mov si, 05h
     24	0013  BF 0000			 mov di, 00h
     25	0016  B9 0008			 mov cx, 0008h
     26
     27	0019			     _loop:
     28	0019  26: 8A 04			 mov al, es:[si]
     29	001C  B4 23			 mov ah, color
     30	001E  89 05			 mov ds:[di], ax
     31	0020  47			 inc di
     32	0021  47			 inc di
     33	0022  46			 inc si
     34	0023  E2 F4			 loop _loop
     35
     36	0025  B4 4C			 mov ah, 4ch
     37	0027  B0 00			 mov al, 0
     38	0029  CD 21			 int 21h
     39
     40				     end _main
Turbo Assembler	 Version 3.1	    08/11/21 20:34:28	    Page 2
Symbol Table




Symbol Name			  Type	 Value

??DATE				  Text	 "08/11/21"
??FILENAME			  Text	 "video	  "
??TIME				  Text	 "20:34:28"
??VERSION			  Number 030A
@32BIT				  Text	 0
@CODE				  Text	 _TEXT
@CODESIZE			  Text	 0
@CPU				  Text	 0101H
@CURSEG				  Text	 _TEXT
@DATA				  Text	 DGROUP
@DATASIZE			  Text	 0
@FILENAME			  Text	 VIDEO
@INTERFACE			  Text	 00H
@MODEL				  Text	 2
@STACK				  Text	 DGROUP
@WORDSIZE			  Text	 2
BIOS				  Number FFFF
COLOR				  Number 0023
VIDEO				  Number B800
_LOOP				  Near	 _TEXT:0019
_MAIN				  Near	 _TEXT:0000

Groups & Segments		  Bit Size Align  Combine Class

DGROUP				  Group
  STACK				  16  0200 Para	  Stack	  STACK
  _DATA				  16  0000 Word	  Public  DATA
_TEXT				  16  002B Word	  Public  CODE
