  triangle_transformation.cpp
C:\Users\Валерий\Desktop\Учёба\КГ\Laboratory work 1\Laboratory_work_1\Laboratory_work_1\triangle_transformation.cpp(97,56): warning C4244: аргумент: преобразование "int" в "float", возможна потеря данных
C:\Users\Валерий\Desktop\Учёба\КГ\Laboratory work 1\Laboratory_work_1\Laboratory_work_1\triangle_transformation.cpp(97,46): warning C4244: аргумент: преобразование "int" в "float", возможна потеря данных
C:\Users\Валерий\Desktop\Учёба\КГ\Laboratory work 1\Laboratory_work_1\Laboratory_work_1\triangle_transformation.cpp(102,56): warning C4244: аргумент: преобразование "int" в "float", возможна потеря данных
C:\Users\Валерий\Desktop\Учёба\КГ\Laboratory work 1\Laboratory_work_1\Laboratory_work_1\triangle_transformation.cpp(102,46): warning C4244: аргумент: преобразование "int" в "float", возможна потеря данных
C:\Users\Валерий\Desktop\Учёба\КГ\Laboratory work 1\Laboratory_work_1\Laboratory_work_1\triangle_transformation.cpp(113,59): warning C4244: аргумент: преобразование "int" в "float", возможна потеря данных
C:\Users\Валерий\Desktop\Учёба\КГ\Laboratory work 1\Laboratory_work_1\Laboratory_work_1\triangle_transformation.cpp(113,48): warning C4244: аргумент: преобразование "int" в "float", возможна потеря данных
C:\Users\Валерий\Desktop\Учёба\КГ\Laboratory work 1\Laboratory_work_1\Laboratory_work_1\triangle_transformation.cpp(118,59): warning C4244: аргумент: преобразование "int" в "float", возможна потеря данных
C:\Users\Валерий\Desktop\Учёба\КГ\Laboratory work 1\Laboratory_work_1\Laboratory_work_1\triangle_transformation.cpp(118,48): warning C4244: аргумент: преобразование "int" в "float", возможна потеря данных
C:\Users\Валерий\Desktop\Учёба\КГ\Laboratory work 1\Laboratory_work_1\Laboratory_work_1\triangle_transformation.cpp(134,66): warning C4244: =: преобразование "double" в "float", возможна потеря данных
C:\Users\Валерий\Desktop\Учёба\КГ\Laboratory work 1\Laboratory_work_1\Laboratory_work_1\triangle_transformation.cpp(135,66): warning C4244: =: преобразование "double" в "float", возможна потеря данных
C:\Users\Валерий\Desktop\Учёба\КГ\Laboratory work 1\Laboratory_work_1\Laboratory_work_1\triangle_transformation.cpp(136,66): warning C4244: =: преобразование "double" в "float", возможна потеря данных
C:\Users\Валерий\Desktop\Учёба\КГ\Laboratory work 1\Laboratory_work_1\Laboratory_work_1\triangle_transformation.cpp(138,68): warning C4244: =: преобразование "double" в "float", возможна потеря данных
C:\Users\Валерий\Desktop\Учёба\КГ\Laboratory work 1\Laboratory_work_1\Laboratory_work_1\triangle_transformation.cpp(139,68): warning C4244: =: преобразование "double" в "float", возможна потеря данных
C:\Users\Валерий\Desktop\Учёба\КГ\Laboratory work 1\Laboratory_work_1\Laboratory_work_1\triangle_transformation.cpp(140,68): warning C4244: =: преобразование "double" в "float", возможна потеря данных
C:\Users\Валерий\Desktop\Учёба\КГ\Laboratory work 1\Laboratory_work_1\Laboratory_work_1\triangle_transformation.cpp(149,69): warning C4244: =: преобразование "double" в "float", возможна потеря данных
C:\Users\Валерий\Desktop\Учёба\КГ\Laboratory work 1\Laboratory_work_1\Laboratory_work_1\triangle_transformation.cpp(150,69): warning C4244: =: преобразование "double" в "float", возможна потеря данных
C:\Users\Валерий\Desktop\Учёба\КГ\Laboratory work 1\Laboratory_work_1\Laboratory_work_1\triangle_transformation.cpp(151,69): warning C4244: =: преобразование "double" в "float", возможна потеря данных
C:\Users\Валерий\Desktop\Учёба\КГ\Laboratory work 1\Laboratory_work_1\Laboratory_work_1\triangle_transformation.cpp(153,70): warning C4244: =: преобразование "double" в "float", возможна потеря данных
C:\Users\Валерий\Desktop\Учёба\КГ\Laboratory work 1\Laboratory_work_1\Laboratory_work_1\triangle_transformation.cpp(154,70): warning C4244: =: преобразование "double" в "float", возможна потеря данных
C:\Users\Валерий\Desktop\Учёба\КГ\Laboratory work 1\Laboratory_work_1\Laboratory_work_1\triangle_transformation.cpp(155,70): warning C4244: =: преобразование "double" в "float", возможна потеря данных
C:\Users\Валерий\Desktop\Учёба\КГ\Laboratory work 1\Laboratory_work_1\Laboratory_work_1\triangle_transformation.cpp(309,86): warning C4244: аргумент: преобразование "int" в "float", возможна потеря данных
C:\Users\Валерий\Desktop\Учёба\КГ\Laboratory work 1\Laboratory_work_1\Laboratory_work_1\triangle_transformation.cpp(309,76): warning C4244: аргумент: преобразование "int" в "float", возможна потеря данных
C:\Users\Валерий\Desktop\Учёба\КГ\Laboratory work 1\Laboratory_work_1\Laboratory_work_1\triangle_transformation.cpp(310,85): warning C4244: аргумент: преобразование "int" в "float", возможна потеря данных
C:\Users\Валерий\Desktop\Учёба\КГ\Laboratory work 1\Laboratory_work_1\Laboratory_work_1\triangle_transformation.cpp(310,75): warning C4244: аргумент: преобразование "int" в "float", возможна потеря данных
C:\Users\Валерий\Desktop\Учёба\КГ\Laboratory work 1\Laboratory_work_1\Laboratory_work_1\triangle_transformation.cpp(311,85): warning C4244: аргумент: преобразование "int" в "float", возможна потеря данных
C:\Users\Валерий\Desktop\Учёба\КГ\Laboratory work 1\Laboratory_work_1\Laboratory_work_1\triangle_transformation.cpp(311,75): warning C4244: аргумент: преобразование "int" в "float", возможна потеря данных
C:\Users\Валерий\Desktop\Учёба\КГ\Laboratory work 1\Laboratory_work_1\Laboratory_work_1\triangle_transformation.cpp(404,33): warning C4244: аргумент: преобразование "double" в "int", возможна потеря данных
C:\Users\Валерий\Desktop\Учёба\КГ\Laboratory work 1\Laboratory_work_1\Laboratory_work_1\triangle_transformation.cpp(405,33): warning C4244: аргумент: преобразование "double" в "int", возможна потеря данных
C:\Users\Валерий\Desktop\Учёба\КГ\Laboratory work 1\Laboratory_work_1\Laboratory_work_1\triangle_transformation.cpp(406,33): warning C4244: аргумент: преобразование "double" в "int", возможна потеря данных
C:\Users\Валерий\Desktop\Учёба\КГ\Laboratory work 1\Laboratory_work_1\Laboratory_work_1\triangle_transformation.cpp(407,33): warning C4244: аргумент: преобразование "double" в "int", возможна потеря данных
C:\Users\Валерий\Desktop\Учёба\КГ\Laboratory work 1\Laboratory_work_1\Laboratory_work_1\triangle_transformation.cpp(422,34): warning C4244: аргумент: преобразование "double" в "int", возможна потеря данных
C:\Users\Валерий\Desktop\Учёба\КГ\Laboratory work 1\Laboratory_work_1\Laboratory_work_1\triangle_transformation.cpp(423,34): warning C4244: аргумент: преобразование "double" в "int", возможна потеря данных
C:\Users\Валерий\Desktop\Учёба\КГ\Laboratory work 1\Laboratory_work_1\Laboratory_work_1\triangle_transformation.cpp(424,34): warning C4244: аргумент: преобразование "double" в "int", возможна потеря данных
C:\Users\Валерий\Desktop\Учёба\КГ\Laboratory work 1\Laboratory_work_1\Laboratory_work_1\triangle_transformation.cpp(425,34): warning C4244: аргумент: преобразование "double" в "int", возможна потеря данных
C:\Users\Валерий\Desktop\Учёба\КГ\Laboratory work 1\Laboratory_work_1\Laboratory_work_1\triangle_transformation.cpp(434,46): warning C4244: аргумент: преобразование "double" в "int", возможна потеря данных
C:\Users\Валерий\Desktop\Учёба\КГ\Laboratory work 1\Laboratory_work_1\Laboratory_work_1\triangle_transformation.cpp(435,46): warning C4244: аргумент: преобразование "double" в "int", возможна потеря данных
C:\Users\Валерий\Desktop\Учёба\КГ\Laboratory work 1\Laboratory_work_1\Laboratory_work_1\triangle_transformation.cpp(436,46): warning C4244: аргумент: преобразование "double" в "int", возможна потеря данных
C:\Users\Валерий\Desktop\Учёба\КГ\Laboratory work 1\Laboratory_work_1\Laboratory_work_1\triangle_transformation.cpp(437,46): warning C4244: аргумент: преобразование "double" в "int", возможна потеря данных
C:\Users\Валерий\Desktop\Учёба\КГ\Laboratory work 1\Laboratory_work_1\Laboratory_work_1\triangle_transformation.cpp(441,18): warning C4244: аргумент: преобразование "double" в "int", возможна потеря данных
C:\Users\Валерий\Desktop\Учёба\КГ\Laboratory work 1\Laboratory_work_1\Laboratory_work_1\triangle_transformation.cpp(463,61): warning C4244: =: преобразование "double" в "float", возможна потеря данных
C:\Users\Валерий\Desktop\Учёба\КГ\Laboratory work 1\Laboratory_work_1\Laboratory_work_1\triangle_transformation.cpp(464,59): warning C4244: =: преобразование "double" в "float", возможна потеря данных
C:\Users\Валерий\Desktop\Учёба\КГ\Laboratory work 1\Laboratory_work_1\Laboratory_work_1\triangle_transformation.cpp(469,61): warning C4244: =: преобразование "double" в "float", возможна потеря данных
C:\Users\Валерий\Desktop\Учёба\КГ\Laboratory work 1\Laboratory_work_1\Laboratory_work_1\triangle_transformation.cpp(470,64): warning C4244: =: преобразование "double" в "float", возможна потеря данных
C:\Users\Валерий\Desktop\Учёба\КГ\Laboratory work 1\Laboratory_work_1\Laboratory_work_1\triangle_transformation.cpp(475,37): warning C4244: =: преобразование "double" в "float", возможна потеря данных
C:\Users\Валерий\Desktop\Учёба\КГ\Laboratory work 1\Laboratory_work_1\Laboratory_work_1\triangle_transformation.cpp(476,37): warning C4244: =: преобразование "double" в "float", возможна потеря данных
C:\Users\Валерий\Desktop\Учёба\КГ\Laboratory work 1\Laboratory_work_1\Laboratory_work_1\triangle_transformation.cpp(481,39): warning C4244: =: преобразование "double" в "float", возможна потеря данных
C:\Users\Валерий\Desktop\Учёба\КГ\Laboratory work 1\Laboratory_work_1\Laboratory_work_1\triangle_transformation.cpp(482,39): warning C4244: =: преобразование "double" в "float", возможна потеря данных
C:\Users\Валерий\Desktop\Учёба\КГ\Laboratory work 1\Laboratory_work_1\Laboratory_work_1\triangle_transformation.cpp(489,26): warning C4244: =: преобразование "double" в "float", возможна потеря данных
C:\Users\Валерий\Desktop\Учёба\КГ\Laboratory work 1\Laboratory_work_1\Laboratory_work_1\triangle_transformation.cpp(491,26): warning C4244: =: преобразование "double" в "float", возможна потеря данных
C:\Users\Валерий\Desktop\Учёба\КГ\Laboratory work 1\Laboratory_work_1\Laboratory_work_1\triangle_transformation.cpp(496,28): warning C4244: =: преобразование "double" в "float", возможна потеря данных
C:\Users\Валерий\Desktop\Учёба\КГ\Laboratory work 1\Laboratory_work_1\Laboratory_work_1\triangle_transformation.cpp(543,33): warning C4244: =: преобразование "double" в "float", возможна потеря данных
C:\Users\Валерий\Desktop\Учёба\КГ\Laboratory work 1\Laboratory_work_1\Laboratory_work_1\triangle_transformation.cpp(579,56): warning C4244: =: преобразование "double" в "float", возможна потеря данных
C:\Users\Валерий\Desktop\Учёба\КГ\Laboratory work 1\Laboratory_work_1\Laboratory_work_1\triangle_transformation.cpp(580,56): warning C4244: =: преобразование "double" в "float", возможна потеря данных
C:\Users\Валерий\Desktop\Учёба\КГ\Laboratory work 1\Laboratory_work_1\Laboratory_work_1\triangle_transformation.cpp(581,56): warning C4244: =: преобразование "double" в "float", возможна потеря данных
C:\Users\Валерий\Desktop\Учёба\КГ\Laboratory work 1\Laboratory_work_1\Laboratory_work_1\triangle_transformation.cpp(582,56): warning C4244: =: преобразование "double" в "float", возможна потеря данных
C:\Users\Валерий\Desktop\Учёба\КГ\Laboratory work 1\Laboratory_work_1\Laboratory_work_1\triangle_transformation.cpp(583,56): warning C4244: =: преобразование "double" в "float", возможна потеря данных
C:\Users\Валерий\Desktop\Учёба\КГ\Laboratory work 1\Laboratory_work_1\Laboratory_work_1\triangle_transformation.cpp(584,56): warning C4244: =: преобразование "double" в "float", возможна потеря данных
C:\Users\Валерий\Desktop\Учёба\КГ\Laboratory work 1\Laboratory_work_1\Laboratory_work_1\triangle_transformation.cpp(585,56): warning C4244: =: преобразование "double" в "float", возможна потеря данных
C:\Users\Валерий\Desktop\Учёба\КГ\Laboratory work 1\Laboratory_work_1\Laboratory_work_1\triangle_transformation.cpp(586,56): warning C4244: =: преобразование "double" в "float", возможна потеря данных
C:\Users\Валерий\Desktop\Учёба\КГ\Laboratory work 1\Laboratory_work_1\Laboratory_work_1\triangle_transformation.cpp(587,56): warning C4244: =: преобразование "double" в "float", возможна потеря данных
C:\Users\Валерий\Desktop\Учёба\КГ\Laboratory work 1\Laboratory_work_1\Laboratory_work_1\triangle_transformation.cpp(607,33): warning C4244: =: преобразование "double" в "float", возможна потеря данных
C:\Users\Валерий\Desktop\Учёба\КГ\Laboratory work 1\Laboratory_work_1\Laboratory_work_1\triangle_transformation.cpp(608,41): warning C4244: =: преобразование "double" в "float", возможна потеря данных
  .NETFramework,Version=v4.7.2.AssemblyAttributes.cpp
  Создание кода...
  triangle_transformation.obj : обнаружен модуль MSIL; для MSIL последовательная компоновка отключена; выполняется полная компоновка
  Laboratory_work_1.vcxproj -> C:\Users\Валерий\Desktop\Учёба\КГ\Laboratory work 1\Laboratory_work_1\Release\Laboratory_work_1.exe
