2021-06-03 14:01:00.253 [main] DEBUG org.springframework.context.support.ClassPathXmlApplicationContext - Refreshing org.springframework.context.support.ClassPathXmlApplicationContext@43dac38f
2021-06-03 14:01:00.588 [main] DEBUG org.springframework.context.annotation.ClassPathBeanDefinitionScanner - Identified candidate component class: file [C:\Users\Валерий\Desktop\Учёба\laboratory-works\4 Семестр\Шаблоны проектирования программного обеспечения\Laboratory_work2\target\classes\com\ngtu\sdp\laboratory_work2\App.class]
2021-06-03 14:01:00.591 [main] DEBUG org.springframework.context.annotation.ClassPathBeanDefinitionScanner - Identified candidate component class: file [C:\Users\Валерий\Desktop\Учёба\laboratory-works\4 Семестр\Шаблоны проектирования программного обеспечения\Laboratory_work2\target\classes\com\ngtu\sdp\laboratory_work2\aspects\BuilderLoggerAspect.class]
2021-06-03 14:01:00.593 [main] DEBUG org.springframework.context.annotation.ClassPathBeanDefinitionScanner - Identified candidate component class: file [C:\Users\Валерий\Desktop\Учёба\laboratory-works\4 Семестр\Шаблоны проектирования программного обеспечения\Laboratory_work2\target\classes\com\ngtu\sdp\laboratory_work2\builder\Director.class]
2021-06-03 14:01:00.594 [main] DEBUG org.springframework.context.annotation.ClassPathBeanDefinitionScanner - Identified candidate component class: file [C:\Users\Валерий\Desktop\Учёба\laboratory-works\4 Семестр\Шаблоны проектирования программного обеспечения\Laboratory_work2\target\classes\com\ngtu\sdp\laboratory_work2\builder\GraphBuilder.class]
2021-06-03 14:01:00.596 [main] DEBUG org.springframework.context.annotation.ClassPathBeanDefinitionScanner - Identified candidate component class: file [C:\Users\Валерий\Desktop\Учёба\laboratory-works\4 Семестр\Шаблоны проектирования программного обеспечения\Laboratory_work2\target\classes\com\ngtu\sdp\laboratory_work2\printers\GraphPrinter.class]
2021-06-03 14:01:00.621 [main] DEBUG org.springframework.beans.factory.xml.XmlBeanDefinitionReader - Loaded 11 bean definitions from class path resource [applicationContext.xml]
2021-06-03 14:01:00.654 [main] DEBUG org.springframework.beans.factory.support.DefaultListableBeanFactory - Creating shared instance of singleton bean 'org.springframework.context.annotation.internalConfigurationAnnotationProcessor'
2021-06-03 14:01:00.686 [main] DEBUG org.springframework.beans.factory.support.DefaultListableBeanFactory - Creating shared instance of singleton bean 'org.springframework.context.event.internalEventListenerProcessor'
2021-06-03 14:01:00.687 [main] DEBUG org.springframework.beans.factory.support.DefaultListableBeanFactory - Creating shared instance of singleton bean 'org.springframework.context.event.internalEventListenerFactory'
2021-06-03 14:01:00.688 [main] DEBUG org.springframework.beans.factory.support.DefaultListableBeanFactory - Creating shared instance of singleton bean 'org.springframework.context.annotation.internalAutowiredAnnotationProcessor'
2021-06-03 14:01:00.689 [main] DEBUG org.springframework.beans.factory.support.DefaultListableBeanFactory - Creating shared instance of singleton bean 'org.springframework.context.annotation.internalCommonAnnotationProcessor'
2021-06-03 14:01:00.693 [main] DEBUG org.springframework.beans.factory.support.DefaultListableBeanFactory - Creating shared instance of singleton bean 'org.springframework.aop.config.internalAutoProxyCreator'
2021-06-03 14:01:00.765 [main] DEBUG org.springframework.beans.factory.support.DefaultListableBeanFactory - Creating shared instance of singleton bean 'app'
2021-06-03 14:01:00.790 [main] DEBUG org.springframework.aop.aspectj.annotation.ReflectiveAspectJAdvisorFactory - Found AspectJ method: public void com.ngtu.sdp.laboratory_work2.aspects.BuilderLoggerAspect.beforeBuildingGraphLogger(org.aspectj.lang.JoinPoint)
2021-06-03 14:01:00.791 [main] DEBUG org.springframework.aop.aspectj.annotation.ReflectiveAspectJAdvisorFactory - Found AspectJ method: public void com.ngtu.sdp.laboratory_work2.aspects.BuilderLoggerAspect.beforeResetLogger(org.aspectj.lang.JoinPoint)
2021-06-03 14:01:00.791 [main] DEBUG org.springframework.aop.aspectj.annotation.ReflectiveAspectJAdvisorFactory - Found AspectJ method: public void com.ngtu.sdp.laboratory_work2.aspects.BuilderLoggerAspect.beforeToClassNodeAddClassNodeLogger(org.aspectj.lang.JoinPoint)
2021-06-03 14:01:00.792 [main] DEBUG org.springframework.aop.aspectj.annotation.ReflectiveAspectJAdvisorFactory - Found AspectJ method: public void com.ngtu.sdp.laboratory_work2.aspects.BuilderLoggerAspect.beforeToClassNodeAddIndividualNodeLogger(org.aspectj.lang.JoinPoint)
2021-06-03 14:01:00.792 [main] DEBUG org.springframework.aop.aspectj.annotation.ReflectiveAspectJAdvisorFactory - Found AspectJ method: public void com.ngtu.sdp.laboratory_work2.aspects.BuilderLoggerAspect.beforeToIndividualNodeAddAttributeNodeLogger(org.aspectj.lang.JoinPoint)
2021-06-03 14:01:00.792 [main] DEBUG org.springframework.aop.aspectj.annotation.ReflectiveAspectJAdvisorFactory - Found AspectJ method: public void com.ngtu.sdp.laboratory_work2.aspects.BuilderLoggerAspect.afterReturningBuildingGraphLogger(java.util.Optional)
2021-06-03 14:01:00.802 [main] DEBUG org.springframework.aop.aspectj.annotation.ReflectiveAspectJAdvisorFactory - Found AspectJ method: public void com.ngtu.sdp.laboratory_work2.aspects.BuilderLoggerAspect.afterReturningResetLogger(com.ngtu.sdp.laboratory_work2.nodes.ContainerNode)
2021-06-03 14:01:00.803 [main] DEBUG org.springframework.aop.aspectj.annotation.ReflectiveAspectJAdvisorFactory - Found AspectJ method: public void com.ngtu.sdp.laboratory_work2.aspects.BuilderLoggerAspect.afterReturningToClassNodeAddClassNodeLogger(com.ngtu.sdp.laboratory_work2.nodes.ContainerNode)
2021-06-03 14:01:00.804 [main] DEBUG org.springframework.aop.aspectj.annotation.ReflectiveAspectJAdvisorFactory - Found AspectJ method: public void com.ngtu.sdp.laboratory_work2.aspects.BuilderLoggerAspect.afterReturningToClassNodeAddIndividualNodeLogger(com.ngtu.sdp.laboratory_work2.nodes.ContainerNode)
2021-06-03 14:01:00.805 [main] DEBUG org.springframework.aop.aspectj.annotation.ReflectiveAspectJAdvisorFactory - Found AspectJ method: public void com.ngtu.sdp.laboratory_work2.aspects.BuilderLoggerAspect.afterReturningToIndividualNodeAddAttributeNodeLogger(com.ngtu.sdp.laboratory_work2.nodes.ContainerNode)
2021-06-03 14:01:00.823 [main] DEBUG org.springframework.beans.factory.support.DefaultListableBeanFactory - Creating shared instance of singleton bean 'printer'
2021-06-03 14:01:00.946 [main] DEBUG org.springframework.beans.factory.support.DefaultListableBeanFactory - Creating shared instance of singleton bean 'builderLoggerAspect'
2021-06-03 14:01:00.965 [main] DEBUG org.springframework.beans.factory.support.DefaultListableBeanFactory - Creating shared instance of singleton bean 'director'
2021-06-03 14:01:01.050 [main] DEBUG com.ngtu.sdp.laboratory_work2.aspects.BuilderLoggerAspect - Building a graph structure: start graph building.
2021-06-03 14:01:16.758 [main] DEBUG com.ngtu.sdp.laboratory_work2.aspects.BuilderLoggerAspect - Building a graph structure: building the root of the graph (class) - Звери.
2021-06-03 14:01:16.759 [main] DEBUG com.ngtu.sdp.laboratory_work2.aspects.BuilderLoggerAspect - Building a graph structure: root of the graph (class) - Звери -  built success!
2021-06-03 14:01:24.927 [main] DEBUG com.ngtu.sdp.laboratory_work2.aspects.BuilderLoggerAspect - Building a graph structure: building subclass - Хищники.
2021-06-03 14:01:24.928 [main] DEBUG com.ngtu.sdp.laboratory_work2.aspects.BuilderLoggerAspect - Building a graph structure: subclass - Хищники -  built success!
2021-06-03 14:01:32.460 [main] DEBUG com.ngtu.sdp.laboratory_work2.aspects.BuilderLoggerAspect - Building a graph structure: building subclass - Травоядные.
2021-06-03 14:01:32.460 [main] DEBUG com.ngtu.sdp.laboratory_work2.aspects.BuilderLoggerAspect - Building a graph structure: subclass - Травоядные -  built success!
2021-06-03 14:02:16.892 [main] DEBUG com.ngtu.sdp.laboratory_work2.aspects.BuilderLoggerAspect - Building a graph structure: building individual - Тигр.
2021-06-03 14:02:16.908 [main] DEBUG com.ngtu.sdp.laboratory_work2.aspects.BuilderLoggerAspect - Building a graph structure: individual - Тигр -  built success!
2021-06-03 14:02:32.638 [main] DEBUG com.ngtu.sdp.laboratory_work2.aspects.BuilderLoggerAspect - Building a graph structure: building individual - Зёбра.
2021-06-03 14:02:32.638 [main] DEBUG com.ngtu.sdp.laboratory_work2.aspects.BuilderLoggerAspect - Building a graph structure: individual - Зёбра -  built success!
2021-06-03 14:02:59.971 [main] DEBUG com.ngtu.sdp.laboratory_work2.aspects.BuilderLoggerAspect - Building a graph structure: building attribute - Возраст with value = 2 года.
2021-06-03 14:02:59.971 [main] DEBUG com.ngtu.sdp.laboratory_work2.aspects.BuilderLoggerAspect - Building a graph structure: attribute - Возраст with value = 2 года - built success!
2021-06-03 14:03:01.858 [main] DEBUG com.ngtu.sdp.laboratory_work2.aspects.BuilderLoggerAspect - Building a graph structure:  graph build success.
2021-06-03 14:03:01.860 [main] DEBUG org.springframework.context.support.ClassPathXmlApplicationContext - Closing org.springframework.context.support.ClassPathXmlApplicationContext@43dac38f, started on Thu Jun 03 14:01:00 MSK 2021
