2021-04-27 22:10:26.272 [main] DEBUG org.springframework.context.support.ClassPathXmlApplicationContext - Refreshing org.springframework.context.support.ClassPathXmlApplicationContext@43dac38f
2021-04-27 22:10:26.625 [main] DEBUG org.springframework.context.annotation.ClassPathBeanDefinitionScanner - Identified candidate component class: file [C:\Users\Валерий\Desktop\Учёба\Software-design-patterns-2-course-2-semestr\Laboratory_work2\target\classes\com\ngtu\sdp\laboratory_work2\App.class]
2021-04-27 22:10:26.628 [main] DEBUG org.springframework.context.annotation.ClassPathBeanDefinitionScanner - Identified candidate component class: file [C:\Users\Валерий\Desktop\Учёба\Software-design-patterns-2-course-2-semestr\Laboratory_work2\target\classes\com\ngtu\sdp\laboratory_work2\aspects\BuilderLoggerAspect.class]
2021-04-27 22:10:26.630 [main] DEBUG org.springframework.context.annotation.ClassPathBeanDefinitionScanner - Identified candidate component class: file [C:\Users\Валерий\Desktop\Учёба\Software-design-patterns-2-course-2-semestr\Laboratory_work2\target\classes\com\ngtu\sdp\laboratory_work2\builder\Director.class]
2021-04-27 22:10:26.631 [main] DEBUG org.springframework.context.annotation.ClassPathBeanDefinitionScanner - Identified candidate component class: file [C:\Users\Валерий\Desktop\Учёба\Software-design-patterns-2-course-2-semestr\Laboratory_work2\target\classes\com\ngtu\sdp\laboratory_work2\builder\GraphBuilder.class]
2021-04-27 22:10:26.633 [main] DEBUG org.springframework.context.annotation.ClassPathBeanDefinitionScanner - Identified candidate component class: file [C:\Users\Валерий\Desktop\Учёба\Software-design-patterns-2-course-2-semestr\Laboratory_work2\target\classes\com\ngtu\sdp\laboratory_work2\printers\GraphPrinter.class]
2021-04-27 22:10:26.676 [main] DEBUG org.springframework.beans.factory.xml.XmlBeanDefinitionReader - Loaded 11 bean definitions from class path resource [applicationContext.xml]
2021-04-27 22:10:26.709 [main] DEBUG org.springframework.beans.factory.support.DefaultListableBeanFactory - Creating shared instance of singleton bean 'org.springframework.context.annotation.internalConfigurationAnnotationProcessor'
2021-04-27 22:10:26.748 [main] DEBUG org.springframework.beans.factory.support.DefaultListableBeanFactory - Creating shared instance of singleton bean 'org.springframework.context.event.internalEventListenerProcessor'
2021-04-27 22:10:26.749 [main] DEBUG org.springframework.beans.factory.support.DefaultListableBeanFactory - Creating shared instance of singleton bean 'org.springframework.context.event.internalEventListenerFactory'
2021-04-27 22:10:26.750 [main] DEBUG org.springframework.beans.factory.support.DefaultListableBeanFactory - Creating shared instance of singleton bean 'org.springframework.context.annotation.internalAutowiredAnnotationProcessor'
2021-04-27 22:10:26.751 [main] DEBUG org.springframework.beans.factory.support.DefaultListableBeanFactory - Creating shared instance of singleton bean 'org.springframework.context.annotation.internalCommonAnnotationProcessor'
2021-04-27 22:10:26.772 [main] DEBUG org.springframework.beans.factory.support.DefaultListableBeanFactory - Creating shared instance of singleton bean 'org.springframework.aop.config.internalAutoProxyCreator'
2021-04-27 22:10:26.838 [main] DEBUG org.springframework.beans.factory.support.DefaultListableBeanFactory - Creating shared instance of singleton bean 'app'
2021-04-27 22:10:26.871 [main] DEBUG org.springframework.aop.aspectj.annotation.ReflectiveAspectJAdvisorFactory - Found AspectJ method: public void com.ngtu.sdp.laboratory_work2.aspects.BuilderLoggerAspect.beforeConstructorGraphLogger(org.aspectj.lang.JoinPoint)
2021-04-27 22:10:26.872 [main] DEBUG org.springframework.aop.aspectj.annotation.ReflectiveAspectJAdvisorFactory - Found AspectJ method: public void com.ngtu.sdp.laboratory_work2.aspects.BuilderLoggerAspect.beforeResetLogger(org.aspectj.lang.JoinPoint)
2021-04-27 22:10:26.872 [main] DEBUG org.springframework.aop.aspectj.annotation.ReflectiveAspectJAdvisorFactory - Found AspectJ method: public void com.ngtu.sdp.laboratory_work2.aspects.BuilderLoggerAspect.beforeToClassNodeAddClassNodeLogger(org.aspectj.lang.JoinPoint)
2021-04-27 22:10:26.872 [main] DEBUG org.springframework.aop.aspectj.annotation.ReflectiveAspectJAdvisorFactory - Found AspectJ method: public void com.ngtu.sdp.laboratory_work2.aspects.BuilderLoggerAspect.beforeToClassNodeAddIndividualNodeLogger(org.aspectj.lang.JoinPoint)
2021-04-27 22:10:26.873 [main] DEBUG org.springframework.aop.aspectj.annotation.ReflectiveAspectJAdvisorFactory - Found AspectJ method: public void com.ngtu.sdp.laboratory_work2.aspects.BuilderLoggerAspect.beforeToIndividualNodeAddAttributeNodeLogger(org.aspectj.lang.JoinPoint)
2021-04-27 22:10:26.873 [main] DEBUG org.springframework.aop.aspectj.annotation.ReflectiveAspectJAdvisorFactory - Found AspectJ method: public void com.ngtu.sdp.laboratory_work2.aspects.BuilderLoggerAspect.afterReturningConstructorGraphLogger(java.util.Optional)
2021-04-27 22:10:26.891 [main] DEBUG org.springframework.aop.aspectj.annotation.ReflectiveAspectJAdvisorFactory - Found AspectJ method: public void com.ngtu.sdp.laboratory_work2.aspects.BuilderLoggerAspect.afterReturningResetLogger(com.ngtu.sdp.laboratory_work2.nodes.ContainerNode)
2021-04-27 22:10:26.892 [main] DEBUG org.springframework.aop.aspectj.annotation.ReflectiveAspectJAdvisorFactory - Found AspectJ method: public void com.ngtu.sdp.laboratory_work2.aspects.BuilderLoggerAspect.afterReturningToClassNodeAddClassNodeLogger(com.ngtu.sdp.laboratory_work2.nodes.ContainerNode)
2021-04-27 22:10:26.894 [main] DEBUG org.springframework.aop.aspectj.annotation.ReflectiveAspectJAdvisorFactory - Found AspectJ method: public void com.ngtu.sdp.laboratory_work2.aspects.BuilderLoggerAspect.afterReturningToClassNodeAddIndividualNodeLogger(com.ngtu.sdp.laboratory_work2.nodes.ContainerNode)
2021-04-27 22:10:26.895 [main] DEBUG org.springframework.aop.aspectj.annotation.ReflectiveAspectJAdvisorFactory - Found AspectJ method: public void com.ngtu.sdp.laboratory_work2.aspects.BuilderLoggerAspect.afterReturningToIndividualNodeAddAttributeNodeLogger(com.ngtu.sdp.laboratory_work2.nodes.ContainerNode)
2021-04-27 22:10:26.906 [main] DEBUG org.springframework.beans.factory.support.DefaultListableBeanFactory - Creating shared instance of singleton bean 'printer'
2021-04-27 22:10:27.062 [main] DEBUG org.springframework.beans.factory.support.DefaultListableBeanFactory - Creating shared instance of singleton bean 'builderLoggerAspect'
2021-04-27 22:10:27.082 [main] DEBUG org.springframework.beans.factory.support.DefaultListableBeanFactory - Creating shared instance of singleton bean 'director'
2021-04-27 22:10:27.156 [main] DEBUG com.ngtu.sdp.laboratory_work2.aspects.BuilderLoggerAspect - Building a graph structure: start graph building.
2021-04-27 22:10:57.953 [main] DEBUG com.ngtu.sdp.laboratory_work2.aspects.BuilderLoggerAspect - Building a graph structure: building the root of the graph (class) - апавр.
2021-04-27 22:10:57.954 [main] DEBUG com.ngtu.sdp.laboratory_work2.aspects.BuilderLoggerAspect - Building a graph structure: root of the graph (class) - апавр -  built success!
2021-04-27 22:11:08.947 [main] DEBUG com.ngtu.sdp.laboratory_work2.aspects.BuilderLoggerAspect - Building a graph structure: building individual - авпвр.
2021-04-27 22:11:08.962 [main] DEBUG com.ngtu.sdp.laboratory_work2.aspects.BuilderLoggerAspect - Building a graph structure: individual - авпвр -  built success!
2021-04-27 22:11:26.776 [main] DEBUG com.ngtu.sdp.laboratory_work2.aspects.BuilderLoggerAspect - Building a graph structure: building subclass - апврварврва.
2021-04-27 22:11:26.777 [main] DEBUG com.ngtu.sdp.laboratory_work2.aspects.BuilderLoggerAspect - Building a graph structure: subclass - апврварврва -  built success!
2021-04-27 22:11:38.081 [main] DEBUG com.ngtu.sdp.laboratory_work2.aspects.BuilderLoggerAspect - Building a graph structure:  graph build success.
2021-04-27 22:11:38.083 [main] DEBUG org.springframework.context.support.ClassPathXmlApplicationContext - Closing org.springframework.context.support.ClassPathXmlApplicationContext@43dac38f, started on Tue Apr 27 22:10:26 MSK 2021
