2021-05-05 19:27:46.273 [main] DEBUG org.springframework.context.support.ClassPathXmlApplicationContext - Refreshing org.springframework.context.support.ClassPathXmlApplicationContext@43dac38f
2021-05-05 19:27:46.438 [main] DEBUG org.springframework.context.annotation.ClassPathBeanDefinitionScanner - Identified candidate component class: file [C:\Users\Валерий\Desktop\Учёба\Software-design-patterns-2-course-2-semestr\Laboratory_work2\target\classes\com\ngtu\sdp\laboratory_work2\App.class]
2021-05-05 19:27:46.442 [main] DEBUG org.springframework.context.annotation.ClassPathBeanDefinitionScanner - Identified candidate component class: file [C:\Users\Валерий\Desktop\Учёба\Software-design-patterns-2-course-2-semestr\Laboratory_work2\target\classes\com\ngtu\sdp\laboratory_work2\aspects\BuilderLoggerAspect.class]
2021-05-05 19:27:46.444 [main] DEBUG org.springframework.context.annotation.ClassPathBeanDefinitionScanner - Identified candidate component class: file [C:\Users\Валерий\Desktop\Учёба\Software-design-patterns-2-course-2-semestr\Laboratory_work2\target\classes\com\ngtu\sdp\laboratory_work2\builder\Director.class]
2021-05-05 19:27:46.445 [main] DEBUG org.springframework.context.annotation.ClassPathBeanDefinitionScanner - Identified candidate component class: file [C:\Users\Валерий\Desktop\Учёба\Software-design-patterns-2-course-2-semestr\Laboratory_work2\target\classes\com\ngtu\sdp\laboratory_work2\builder\GraphBuilder.class]
2021-05-05 19:27:46.447 [main] DEBUG org.springframework.context.annotation.ClassPathBeanDefinitionScanner - Identified candidate component class: file [C:\Users\Валерий\Desktop\Учёба\Software-design-patterns-2-course-2-semestr\Laboratory_work2\target\classes\com\ngtu\sdp\laboratory_work2\printers\GraphPrinter.class]
2021-05-05 19:27:46.470 [main] DEBUG org.springframework.beans.factory.xml.XmlBeanDefinitionReader - Loaded 11 bean definitions from class path resource [applicationContext.xml]
2021-05-05 19:27:46.486 [main] DEBUG org.springframework.beans.factory.support.DefaultListableBeanFactory - Creating shared instance of singleton bean 'org.springframework.context.annotation.internalConfigurationAnnotationProcessor'
2021-05-05 19:27:46.515 [main] DEBUG org.springframework.beans.factory.support.DefaultListableBeanFactory - Creating shared instance of singleton bean 'org.springframework.context.event.internalEventListenerProcessor'
2021-05-05 19:27:46.516 [main] DEBUG org.springframework.beans.factory.support.DefaultListableBeanFactory - Creating shared instance of singleton bean 'org.springframework.context.event.internalEventListenerFactory'
2021-05-05 19:27:46.518 [main] DEBUG org.springframework.beans.factory.support.DefaultListableBeanFactory - Creating shared instance of singleton bean 'org.springframework.context.annotation.internalAutowiredAnnotationProcessor'
2021-05-05 19:27:46.518 [main] DEBUG org.springframework.beans.factory.support.DefaultListableBeanFactory - Creating shared instance of singleton bean 'org.springframework.context.annotation.internalCommonAnnotationProcessor'
2021-05-05 19:27:46.522 [main] DEBUG org.springframework.beans.factory.support.DefaultListableBeanFactory - Creating shared instance of singleton bean 'org.springframework.aop.config.internalAutoProxyCreator'
2021-05-05 19:27:46.576 [main] DEBUG org.springframework.beans.factory.support.DefaultListableBeanFactory - Creating shared instance of singleton bean 'app'
2021-05-05 19:27:46.601 [main] DEBUG org.springframework.aop.aspectj.annotation.ReflectiveAspectJAdvisorFactory - Found AspectJ method: public void com.ngtu.sdp.laboratory_work2.aspects.BuilderLoggerAspect.beforeBuildingGraphLogger(org.aspectj.lang.JoinPoint)
2021-05-05 19:27:46.603 [main] DEBUG org.springframework.aop.aspectj.annotation.ReflectiveAspectJAdvisorFactory - Found AspectJ method: public void com.ngtu.sdp.laboratory_work2.aspects.BuilderLoggerAspect.beforeResetLogger(org.aspectj.lang.JoinPoint)
2021-05-05 19:27:46.603 [main] DEBUG org.springframework.aop.aspectj.annotation.ReflectiveAspectJAdvisorFactory - Found AspectJ method: public void com.ngtu.sdp.laboratory_work2.aspects.BuilderLoggerAspect.beforeToClassNodeAddClassNodeLogger(org.aspectj.lang.JoinPoint)
2021-05-05 19:27:46.603 [main] DEBUG org.springframework.aop.aspectj.annotation.ReflectiveAspectJAdvisorFactory - Found AspectJ method: public void com.ngtu.sdp.laboratory_work2.aspects.BuilderLoggerAspect.beforeToClassNodeAddIndividualNodeLogger(org.aspectj.lang.JoinPoint)
2021-05-05 19:27:46.604 [main] DEBUG org.springframework.aop.aspectj.annotation.ReflectiveAspectJAdvisorFactory - Found AspectJ method: public void com.ngtu.sdp.laboratory_work2.aspects.BuilderLoggerAspect.beforeToIndividualNodeAddAttributeNodeLogger(org.aspectj.lang.JoinPoint)
2021-05-05 19:27:46.604 [main] DEBUG org.springframework.aop.aspectj.annotation.ReflectiveAspectJAdvisorFactory - Found AspectJ method: public void com.ngtu.sdp.laboratory_work2.aspects.BuilderLoggerAspect.afterReturningBuildingGraphLogger(java.util.Optional)
2021-05-05 19:27:46.612 [main] DEBUG org.springframework.aop.aspectj.annotation.ReflectiveAspectJAdvisorFactory - Found AspectJ method: public void com.ngtu.sdp.laboratory_work2.aspects.BuilderLoggerAspect.afterReturningResetLogger(com.ngtu.sdp.laboratory_work2.nodes.ContainerNode)
2021-05-05 19:27:46.613 [main] DEBUG org.springframework.aop.aspectj.annotation.ReflectiveAspectJAdvisorFactory - Found AspectJ method: public void com.ngtu.sdp.laboratory_work2.aspects.BuilderLoggerAspect.afterReturningToClassNodeAddClassNodeLogger(com.ngtu.sdp.laboratory_work2.nodes.ContainerNode)
2021-05-05 19:27:46.615 [main] DEBUG org.springframework.aop.aspectj.annotation.ReflectiveAspectJAdvisorFactory - Found AspectJ method: public void com.ngtu.sdp.laboratory_work2.aspects.BuilderLoggerAspect.afterReturningToClassNodeAddIndividualNodeLogger(com.ngtu.sdp.laboratory_work2.nodes.ContainerNode)
2021-05-05 19:27:46.616 [main] DEBUG org.springframework.aop.aspectj.annotation.ReflectiveAspectJAdvisorFactory - Found AspectJ method: public void com.ngtu.sdp.laboratory_work2.aspects.BuilderLoggerAspect.afterReturningToIndividualNodeAddAttributeNodeLogger(com.ngtu.sdp.laboratory_work2.nodes.ContainerNode)
2021-05-05 19:27:46.630 [main] DEBUG org.springframework.beans.factory.support.DefaultListableBeanFactory - Creating shared instance of singleton bean 'printer'
2021-05-05 19:27:46.720 [main] DEBUG org.springframework.beans.factory.support.DefaultListableBeanFactory - Creating shared instance of singleton bean 'builderLoggerAspect'
2021-05-05 19:27:46.731 [main] DEBUG org.springframework.beans.factory.support.DefaultListableBeanFactory - Creating shared instance of singleton bean 'director'
2021-05-05 19:27:46.800 [main] DEBUG com.ngtu.sdp.laboratory_work2.aspects.BuilderLoggerAspect - Building a graph structure: start graph building.
2021-05-05 19:27:53.199 [main] DEBUG com.ngtu.sdp.laboratory_work2.aspects.BuilderLoggerAspect - Building a graph structure: building the root of the graph (class) - Звери.
2021-05-05 19:27:53.200 [main] DEBUG com.ngtu.sdp.laboratory_work2.aspects.BuilderLoggerAspect - Building a graph structure: root of the graph (class) - Звери -  built success!
2021-05-05 19:27:58.816 [main] DEBUG com.ngtu.sdp.laboratory_work2.aspects.BuilderLoggerAspect - Building a graph structure: building subclass - Хищники.
2021-05-05 19:27:58.817 [main] DEBUG com.ngtu.sdp.laboratory_work2.aspects.BuilderLoggerAspect - Building a graph structure: subclass - Хищники -  built success!
2021-05-05 19:28:10.504 [main] DEBUG com.ngtu.sdp.laboratory_work2.aspects.BuilderLoggerAspect - Building a graph structure: building subclass - Травоядные.
2021-05-05 19:28:10.504 [main] DEBUG com.ngtu.sdp.laboratory_work2.aspects.BuilderLoggerAspect - Building a graph structure: subclass - Травоядные -  built success!
2021-05-05 19:28:13.694 [main] DEBUG com.ngtu.sdp.laboratory_work2.aspects.BuilderLoggerAspect - Building a graph structure: building individual - Крот.
2021-05-05 19:28:13.697 [main] DEBUG com.ngtu.sdp.laboratory_work2.aspects.BuilderLoggerAspect - Building a graph structure: individual - Крот -  built success!
2021-05-05 19:28:22.479 [main] DEBUG com.ngtu.sdp.laboratory_work2.aspects.BuilderLoggerAspect - Building a graph structure: building individual - Лев.
2021-05-05 19:28:22.479 [main] DEBUG com.ngtu.sdp.laboratory_work2.aspects.BuilderLoggerAspect - Building a graph structure: individual - Лев -  built success!
2021-05-05 19:28:28.707 [main] DEBUG com.ngtu.sdp.laboratory_work2.aspects.BuilderLoggerAspect - Building a graph structure: building individual - Медведь.
2021-05-05 19:28:28.707 [main] DEBUG com.ngtu.sdp.laboratory_work2.aspects.BuilderLoggerAspect - Building a graph structure: individual - Медведь -  built success!
2021-05-05 19:28:41.940 [main] DEBUG com.ngtu.sdp.laboratory_work2.aspects.BuilderLoggerAspect - Building a graph structure: building individual - Коза.
2021-05-05 19:28:41.940 [main] DEBUG com.ngtu.sdp.laboratory_work2.aspects.BuilderLoggerAspect - Building a graph structure: individual - Коза -  built success!
2021-05-05 19:29:00.160 [main] DEBUG com.ngtu.sdp.laboratory_work2.aspects.BuilderLoggerAspect - Building a graph structure: building individual - Зебра.
2021-05-05 19:29:00.160 [main] DEBUG com.ngtu.sdp.laboratory_work2.aspects.BuilderLoggerAspect - Building a graph structure: individual - Зебра -  built success!
2021-05-05 19:29:15.962 [main] DEBUG com.ngtu.sdp.laboratory_work2.aspects.BuilderLoggerAspect - Building a graph structure: building attribute - Возраст with value = 5 лет.
2021-05-05 19:29:15.962 [main] DEBUG com.ngtu.sdp.laboratory_work2.aspects.BuilderLoggerAspect - Building a graph structure: attribute - Возраст with value = 5 лет - built success!
2021-05-05 19:29:43.859 [main] DEBUG com.ngtu.sdp.laboratory_work2.aspects.BuilderLoggerAspect - Building a graph structure: building attribute - Окрас with value = Бурый.
2021-05-05 19:29:43.860 [main] DEBUG com.ngtu.sdp.laboratory_work2.aspects.BuilderLoggerAspect - Building a graph structure: attribute - Окрас with value = Бурый - built success!
2021-05-05 19:30:22.230 [main] DEBUG com.ngtu.sdp.laboratory_work2.aspects.BuilderLoggerAspect - Building a graph structure: building attribute - окрас with value = Белая в чёрную полосу.
2021-05-05 19:30:22.230 [main] DEBUG com.ngtu.sdp.laboratory_work2.aspects.BuilderLoggerAspect - Building a graph structure: attribute - окрас with value = Белая в чёрную полосу - built success!
2021-05-05 19:30:24.463 [main] DEBUG com.ngtu.sdp.laboratory_work2.aspects.BuilderLoggerAspect - Building a graph structure:  graph build success.
2021-05-05 19:30:24.465 [main] DEBUG org.springframework.context.support.ClassPathXmlApplicationContext - Closing org.springframework.context.support.ClassPathXmlApplicationContext@43dac38f, started on Wed May 05 19:27:46 MSK 2021
